<?xml version="1.0" encoding="UTF-8"?>
<testsuite name="tourGuide.performance.TestPerformance" tests="2" skipped="0" failures="0" errors="0" timestamp="2022-04-06T14:18:11" hostname="AirdeJacques2" time="2.135">
  <properties/>
  <testcase name="highVolumeTrackLocation()" classname="tourGuide.performance.TestPerformance" time="1.166"/>
  <testcase name="highVolumeGetRewards()" classname="tourGuide.performance.TestPerformance" time="0.967"/>
  <system-out><![CDATA[16:17:59.592 [Test worker] DEBUG org.springframework.test.context.BootstrapUtils - Instantiating CacheAwareContextLoaderDelegate from class [org.springframework.test.context.cache.DefaultCacheAwareContextLoaderDelegate]
16:17:59.652 [Test worker] DEBUG org.springframework.test.context.BootstrapUtils - Instantiating BootstrapContext using constructor [public org.springframework.test.context.support.DefaultBootstrapContext(java.lang.Class,org.springframework.test.context.CacheAwareContextLoaderDelegate)]
16:17:59.772 [Test worker] DEBUG org.springframework.test.context.BootstrapUtils - Instantiating TestContextBootstrapper for test class [tourGuide.performance.TestPerformance] from class [org.springframework.boot.test.context.SpringBootTestContextBootstrapper]
16:17:59.862 [Test worker] INFO org.springframework.boot.test.context.SpringBootTestContextBootstrapper - Neither @ContextConfiguration nor @ContextHierarchy found for test class [tourGuide.performance.TestPerformance], using SpringBootContextLoader
16:17:59.875 [Test worker] DEBUG org.springframework.test.context.support.AbstractContextLoader - Did not detect default resource location for test class [tourGuide.performance.TestPerformance]: class path resource [tourGuide/performance/TestPerformance-context.xml] does not exist
16:17:59.876 [Test worker] DEBUG org.springframework.test.context.support.AbstractContextLoader - Did not detect default resource location for test class [tourGuide.performance.TestPerformance]: class path resource [tourGuide/performance/TestPerformanceContext.groovy] does not exist
16:17:59.877 [Test worker] INFO org.springframework.test.context.support.AbstractContextLoader - Could not detect default resource locations for test class [tourGuide.performance.TestPerformance]: no resource found for suffixes {-context.xml, Context.groovy}.
16:17:59.880 [Test worker] INFO org.springframework.test.context.support.AnnotationConfigContextLoaderUtils - Could not detect default configuration classes for test class [tourGuide.performance.TestPerformance]: TestPerformance does not declare any static, non-private, non-final, nested classes annotated with @Configuration.
16:18:00.058 [Test worker] DEBUG org.springframework.test.context.support.ActiveProfilesUtils - Could not find an 'annotation declaring class' for annotation type [org.springframework.test.context.ActiveProfiles] and class [tourGuide.performance.TestPerformance]
16:18:00.377 [Test worker] DEBUG org.springframework.context.annotation.ClassPathScanningCandidateComponentProvider - Identified candidate component class: file [/Users/jacquesgrellier/Desktop/Formation Développeur JAVA/Projet 8/TourGuide/build/classes/java/main/tourGuide/Application.class]
16:18:00.379 [Test worker] INFO org.springframework.boot.test.context.SpringBootTestContextBootstrapper - Found @SpringBootConfiguration tourGuide.Application for test class tourGuide.performance.TestPerformance
16:18:01.160 [Test worker] DEBUG org.springframework.boot.test.context.SpringBootTestContextBootstrapper - @TestExecutionListeners is not present for class [tourGuide.performance.TestPerformance]: using defaults.
16:18:01.162 [Test worker] INFO org.springframework.boot.test.context.SpringBootTestContextBootstrapper - Loaded default TestExecutionListener class names from location [META-INF/spring.factories]: [org.springframework.boot.test.autoconfigure.restdocs.RestDocsTestExecutionListener, org.springframework.boot.test.autoconfigure.web.client.MockRestServiceServerResetTestExecutionListener, org.springframework.boot.test.autoconfigure.web.servlet.MockMvcPrintOnlyOnFailureTestExecutionListener, org.springframework.boot.test.autoconfigure.web.servlet.WebDriverTestExecutionListener, org.springframework.boot.test.mock.mockito.MockitoTestExecutionListener, org.springframework.boot.test.mock.mockito.ResetMocksTestExecutionListener, org.springframework.test.context.web.ServletTestExecutionListener, org.springframework.test.context.support.DirtiesContextBeforeModesTestExecutionListener, org.springframework.test.context.support.DependencyInjectionTestExecutionListener, org.springframework.test.context.support.DirtiesContextTestExecutionListener, org.springframework.test.context.transaction.TransactionalTestExecutionListener, org.springframework.test.context.jdbc.SqlScriptsTestExecutionListener, org.springframework.test.context.event.EventPublishingTestExecutionListener]
16:18:01.230 [Test worker] DEBUG org.springframework.boot.test.context.SpringBootTestContextBootstrapper - Skipping candidate TestExecutionListener [org.springframework.test.context.transaction.TransactionalTestExecutionListener] due to a missing dependency. Specify custom listener classes or make the default listener classes and their required dependencies available. Offending class: [org/springframework/transaction/TransactionDefinition]
16:18:01.232 [Test worker] DEBUG org.springframework.boot.test.context.SpringBootTestContextBootstrapper - Skipping candidate TestExecutionListener [org.springframework.test.context.jdbc.SqlScriptsTestExecutionListener] due to a missing dependency. Specify custom listener classes or make the default listener classes and their required dependencies available. Offending class: [org/springframework/transaction/interceptor/TransactionAttribute]
16:18:01.233 [Test worker] INFO org.springframework.boot.test.context.SpringBootTestContextBootstrapper - Using TestExecutionListeners: [org.springframework.test.context.web.ServletTestExecutionListener@6c8bdb03, org.springframework.test.context.support.DirtiesContextBeforeModesTestExecutionListener@2f4a05f7, org.springframework.boot.test.mock.mockito.MockitoTestExecutionListener@66645726, org.springframework.boot.test.autoconfigure.SpringBootDependencyInjectionTestExecutionListener@39414356, org.springframework.test.context.support.DirtiesContextTestExecutionListener@ba0c4be, org.springframework.test.context.event.EventPublishingTestExecutionListener@743a1d80, org.springframework.boot.test.autoconfigure.restdocs.RestDocsTestExecutionListener@30a3b946, org.springframework.boot.test.autoconfigure.web.client.MockRestServiceServerResetTestExecutionListener@34b07f7, org.springframework.boot.test.autoconfigure.web.servlet.MockMvcPrintOnlyOnFailureTestExecutionListener@ec3b614, org.springframework.boot.test.autoconfigure.web.servlet.WebDriverTestExecutionListener@2a317c51, org.springframework.boot.test.mock.mockito.ResetMocksTestExecutionListener@7f599d8]
16:18:01.246 [Test worker] DEBUG org.springframework.test.context.support.AbstractDirtiesContextTestExecutionListener - Before test class: context [DefaultTestContext@749f35c1 testClass = TestPerformance, testInstance = [null], testMethod = [null], testException = [null], mergedContextConfiguration = [WebMergedContextConfiguration@6c9bc3eb testClass = TestPerformance, locations = '{}', classes = '{class tourGuide.Application}', contextInitializerClasses = '[]', activeProfiles = '{}', propertySourceLocations = '{}', propertySourceProperties = '{org.springframework.boot.test.context.SpringBootTestContextBootstrapper=true}', contextCustomizers = set[org.springframework.boot.test.autoconfigure.properties.PropertyMappingContextCustomizer@0, org.springframework.boot.test.autoconfigure.web.servlet.WebDriverContextCustomizerFactory$Customizer@6e4eb1f3, org.springframework.boot.test.context.filter.ExcludeFilterContextCustomizer@fe0a63d, org.springframework.boot.test.json.DuplicateJsonObjectContextCustomizerFactory$DuplicateJsonObjectContextCustomizer@2c19d8a4, org.springframework.boot.test.mock.mockito.MockitoContextCustomizer@0, org.springframework.boot.test.web.client.TestRestTemplateContextCustomizer@59b16a3f], resourceBasePath = 'src/main/webapp', contextLoader = 'org.springframework.boot.test.context.SpringBootContextLoader', parent = [null]], attributes = map['org.springframework.test.context.web.ServletTestExecutionListener.activateListener' -> true]], class annotated with @DirtiesContext [false] with mode [null].
16:18:01.395 [Test worker] DEBUG org.springframework.test.context.support.TestPropertySourceUtils - Adding inlined properties to environment: {spring.jmx.enabled=false, org.springframework.boot.test.context.SpringBootTestContextBootstrapper=true, server.port=-1}

  .   ____          _            __ _ _
 /\\ / ___'_ __ _ _(_)_ __  __ _ \ \ \ \
( ( )\___ | '_ | '_| | '_ \/ _` | \ \ \ \
 \\/  ___)| |_)| | | | | || (_| |  ) ) ) )
  '  |____| .__|_| |_|_| |_\__, | / / / /
 =========|_|==============|___/=/_/_/_/
 :: Spring Boot ::        (v2.2.5.RELEASE)

2022-04-06 16:18:03.734  INFO 61414 --- [    Test worker] tourGuide.performance.TestPerformance    : No active profile set, falling back to default profiles: default
2022-04-06 16:18:06.322  INFO 61414 --- [    Test worker] o.s.cloud.context.scope.GenericScope     : BeanFactory id=0a59cf71-c005-3f54-9c40-05001ee77313
2022-04-06 16:18:06.996  INFO 61414 --- [    Test worker] trationDelegate$BeanPostProcessorChecker : Bean 'tourGuide.proxies.TripPricerProxy' of type [org.springframework.cloud.openfeign.FeignClientFactoryBean] is not eligible for getting processed by all BeanPostProcessors (for example: not eligible for auto-proxying)
2022-04-06 16:18:07.015  INFO 61414 --- [    Test worker] trationDelegate$BeanPostProcessorChecker : Bean 'tourGuide.proxies.RewardCentralProxy' of type [org.springframework.cloud.openfeign.FeignClientFactoryBean] is not eligible for getting processed by all BeanPostProcessors (for example: not eligible for auto-proxying)
2022-04-06 16:18:07.025  INFO 61414 --- [    Test worker] trationDelegate$BeanPostProcessorChecker : Bean 'tourGuide.proxies.GpsUtilProxy' of type [org.springframework.cloud.openfeign.FeignClientFactoryBean] is not eligible for getting processed by all BeanPostProcessors (for example: not eligible for auto-proxying)
2022-04-06 16:18:08.326  INFO 61414 --- [    Test worker] tourGuide.service.TourGuideService       : TestMode enabled
2022-04-06 16:18:08.327 DEBUG 61414 --- [    Test worker] tourGuide.service.TourGuideService       : Initializing users
2022-04-06 16:18:08.390  INFO 61414 --- [    Test worker] o.j.m.DefaultMonetaryContextFactory      : Using custom MathContext: precision=256, roundingMode=HALF_EVEN
2022-04-06 16:18:08.429 DEBUG 61414 --- [    Test worker] tourGuide.helper.InternalTestHelper      : Created 10 internal test users.
2022-04-06 16:18:08.429 DEBUG 61414 --- [    Test worker] tourGuide.service.TourGuideService       : Finished initializing users
2022-04-06 16:18:08.440  INFO 61414 --- [pool-1-thread-1] tourGuide.service.TourGuideService       : Get all users
2022-04-06 16:18:08.455 DEBUG 61414 --- [pool-1-thread-1] tourGuide.tracker.Tracker                : Begin Tracker. Tracking 10 users.
2022-04-06 16:18:08.456  INFO 61414 --- [pool-1-thread-1] tourGuide.service.TourGuideService       : Multithreading to get all locations
2022-04-06 16:18:08.457  INFO 61414 --- [pool-2-thread-1] tourGuide.service.TourGuideService       : Research the location of internalUser9
2022-04-06 16:18:08.458  INFO 61414 --- [pool-2-thread-2] tourGuide.service.TourGuideService       : Research the location of internalUser8
2022-04-06 16:18:08.459  INFO 61414 --- [pool-2-thread-3] tourGuide.service.TourGuideService       : Research the location of internalUser3
2022-04-06 16:18:08.463  INFO 61414 --- [pool-2-thread-4] tourGuide.service.TourGuideService       : Research the location of internalUser2
2022-04-06 16:18:08.467  INFO 61414 --- [pool-2-thread-5] tourGuide.service.TourGuideService       : Research the location of internalUser1
2022-04-06 16:18:08.468  INFO 61414 --- [pool-2-thread-6] tourGuide.service.TourGuideService       : Research the location of internalUser0
2022-04-06 16:18:08.470  INFO 61414 --- [pool-2-thread-7] tourGuide.service.TourGuideService       : Research the location of internalUser7
2022-04-06 16:18:08.471  INFO 61414 --- [pool-2-thread-8] tourGuide.service.TourGuideService       : Research the location of internalUser6
2022-04-06 16:18:08.472  INFO 61414 --- [pool-2-thread-9] tourGuide.service.TourGuideService       : Research the location of internalUser5
2022-04-06 16:18:08.475  INFO 61414 --- [ool-2-thread-10] tourGuide.service.TourGuideService       : Research the location of internalUser4
2022-04-06 16:18:09.482  INFO 61414 --- [pool-1-thread-1] tourGuide.service.RewardsService         : Multithreading calculateSeveralRewards begins
2022-04-06 16:18:09.592 DEBUG 61414 --- [pool-1-thread-1] tourGuide.tracker.Tracker                : Tracker Time Elapsed: 1 seconds.
2022-04-06 16:18:09.592 DEBUG 61414 --- [pool-1-thread-1] tourGuide.tracker.Tracker                : Tracker sleeping
2022-04-06 16:18:09.831  INFO 61414 --- [    Test worker] o.s.s.concurrent.ThreadPoolTaskExecutor  : Initializing ExecutorService 'applicationTaskExecutor'
2022-04-06 16:18:11.438  INFO 61414 --- [    Test worker] o.s.b.a.e.web.EndpointLinksResolver      : Exposing 2 endpoint(s) beneath base path '/actuator'
2022-04-06 16:18:11.601  INFO 61414 --- [    Test worker] tourGuide.performance.TestPerformance    : Started TestPerformance in 10.153 seconds (JVM running for 14.318)
2022-04-06 16:18:12.547  INFO 61414 --- [    Test worker] tourGuide.service.TourGuideService       : TestMode enabled
2022-04-06 16:18:12.548 DEBUG 61414 --- [    Test worker] tourGuide.service.TourGuideService       : Initializing users
2022-04-06 16:18:12.557 DEBUG 61414 --- [    Test worker] tourGuide.helper.InternalTestHelper      : Created 10 internal test users.
2022-04-06 16:18:12.560 DEBUG 61414 --- [    Test worker] tourGuide.service.TourGuideService       : Finished initializing users
2022-04-06 16:18:12.562  INFO 61414 --- [pool-4-thread-1] tourGuide.service.TourGuideService       : Get all users
2022-04-06 16:18:12.562 DEBUG 61414 --- [pool-4-thread-1] tourGuide.tracker.Tracker                : Begin Tracker. Tracking 10 users.
2022-04-06 16:18:12.562  INFO 61414 --- [pool-4-thread-1] tourGuide.service.TourGuideService       : Multithreading to get all locations
2022-04-06 16:18:12.563  INFO 61414 --- [pool-5-thread-1] tourGuide.service.TourGuideService       : Research the location of internalUser9
2022-04-06 16:18:12.566  INFO 61414 --- [pool-5-thread-2] tourGuide.service.TourGuideService       : Research the location of internalUser8
2022-04-06 16:18:12.571  INFO 61414 --- [pool-5-thread-3] tourGuide.service.TourGuideService       : Research the location of internalUser3
2022-04-06 16:18:12.574  INFO 61414 --- [pool-5-thread-4] tourGuide.service.TourGuideService       : Research the location of internalUser2
2022-04-06 16:18:12.580  INFO 61414 --- [pool-5-thread-5] tourGuide.service.TourGuideService       : Research the location of internalUser1
2022-04-06 16:18:12.585  INFO 61414 --- [pool-5-thread-7] tourGuide.service.TourGuideService       : Research the location of internalUser7
2022-04-06 16:18:12.591  INFO 61414 --- [pool-5-thread-8] tourGuide.service.TourGuideService       : Research the location of internalUser6
2022-04-06 16:18:12.596  INFO 61414 --- [pool-5-thread-9] tourGuide.service.TourGuideService       : Research the location of internalUser5
2022-04-06 16:18:12.605  INFO 61414 --- [ool-5-thread-10] tourGuide.service.TourGuideService       : Research the location of internalUser4
2022-04-06 16:18:12.610  INFO 61414 --- [pool-5-thread-6] tourGuide.service.TourGuideService       : Research the location of internalUser0
2022-04-06 16:18:12.562  INFO 61414 --- [    Test worker] tourGuide.service.TourGuideService       : Get all users
2022-04-06 16:18:12.700  INFO 61414 --- [    Test worker] tourGuide.service.TourGuideService       : Multithreading to get all locations
2022-04-06 16:18:12.701  INFO 61414 --- [pool-6-thread-1] tourGuide.service.TourGuideService       : Research the location of internalUser9
2022-04-06 16:18:12.701  INFO 61414 --- [pool-6-thread-2] tourGuide.service.TourGuideService       : Research the location of internalUser8
2022-04-06 16:18:12.718  INFO 61414 --- [pool-6-thread-3] tourGuide.service.TourGuideService       : Research the location of internalUser3
2022-04-06 16:18:12.720  INFO 61414 --- [pool-4-thread-1] tourGuide.service.RewardsService         : Multithreading calculateSeveralRewards begins
2022-04-06 16:18:12.732  INFO 61414 --- [pool-6-thread-4] tourGuide.service.TourGuideService       : Research the location of internalUser2
2022-04-06 16:18:12.735  INFO 61414 --- [pool-6-thread-5] tourGuide.service.TourGuideService       : Research the location of internalUser1
2022-04-06 16:18:12.736  INFO 61414 --- [pool-6-thread-6] tourGuide.service.TourGuideService       : Research the location of internalUser0
2022-04-06 16:18:12.736  INFO 61414 --- [pool-6-thread-7] tourGuide.service.TourGuideService       : Research the location of internalUser7
2022-04-06 16:18:12.741  INFO 61414 --- [pool-6-thread-8] tourGuide.service.TourGuideService       : Research the location of internalUser6
2022-04-06 16:18:12.744  INFO 61414 --- [pool-6-thread-9] tourGuide.service.TourGuideService       : Research the location of internalUser5
2022-04-06 16:18:12.747  INFO 61414 --- [ool-6-thread-10] tourGuide.service.TourGuideService       : Research the location of internalUser4
2022-04-06 16:18:12.829 DEBUG 61414 --- [pool-4-thread-1] tourGuide.tracker.Tracker                : Tracker Time Elapsed: 0 seconds.
2022-04-06 16:18:12.831 DEBUG 61414 --- [pool-4-thread-1] tourGuide.tracker.Tracker                : Tracker sleeping
2022-04-06 16:18:12.952  INFO 61414 --- [    Test worker] tourGuide.service.RewardsService         : Multithreading calculateSeveralRewards begins
highVolumeTrackLocation: Time Elapsed: 0 seconds.
2022-04-06 16:18:13.079  INFO 61414 --- [    Test worker] tourGuide.service.TourGuideService       : TestMode enabled
2022-04-06 16:18:13.082 DEBUG 61414 --- [    Test worker] tourGuide.service.TourGuideService       : Initializing users
2022-04-06 16:18:13.088 DEBUG 61414 --- [    Test worker] tourGuide.helper.InternalTestHelper      : Created 10 internal test users.
2022-04-06 16:18:13.089 DEBUG 61414 --- [    Test worker] tourGuide.service.TourGuideService       : Finished initializing users
2022-04-06 16:18:13.093  INFO 61414 --- [    Test worker] tourGuide.service.TourGuideService       : Get all users
2022-04-06 16:18:13.093 DEBUG 61414 --- [pool-9-thread-1] tourGuide.tracker.Tracker                : Tracker stopping
2022-04-06 16:18:13.126  INFO 61414 --- [    Test worker] tourGuide.service.RewardsService         : Multithreading calculateSeveralRewards begins
highVolumeGetRewards: Time Elapsed: 0 seconds.
]]></system-out>
  <system-err><![CDATA[java.lang.InterruptedException
	at java.util.concurrent.FutureTask.awaitDone(FutureTask.java:404)
	at java.util.concurrent.FutureTask.get(FutureTask.java:191)
	at tourGuide.service.TourGuideService.lambda$trackSeveralUsersLocation$2(TourGuideService.java:148)
	at java.util.ArrayList.forEach(ArrayList.java:1259)
	at tourGuide.service.TourGuideService.trackSeveralUsersLocation(TourGuideService.java:146)
	at tourGuide.tracker.Tracker.run(Tracker.java:48)
	at java.util.concurrent.Executors$RunnableAdapter.call(Executors.java:511)
	at java.util.concurrent.FutureTask.run(FutureTask.java:266)
	at java.util.concurrent.ThreadPoolExecutor.runWorker(ThreadPoolExecutor.java:1149)
	at java.util.concurrent.ThreadPoolExecutor$Worker.run(ThreadPoolExecutor.java:624)
	at java.lang.Thread.run(Thread.java:748)
]]></system-err>
</testsuite>
